<?xml version="1.0" encoding="UTF-8"?>
<testng-results skipped="0" failed="0" total="1" passed="1">
  <reporter-output>
  </reporter-output>
  <suite name="Default suite" duration-ms="20" started-at="2014-11-21T04:39:24Z" finished-at="2014-11-21T04:39:24Z">
    <groups>
    </groups>
    <test name="Default test" duration-ms="20" started-at="2014-11-21T04:39:24Z" finished-at="2014-11-21T04:39:24Z">
      <class name="com.bayamp.cart.functional.FunctionalTests">
        <test-method status="PASS" signature="removeDuplicatesTest()[pri:0, instance:com.bayamp.cart.functional.FunctionalTests@71c66162]" name="removeDuplicatesTest" duration-ms="10" started-at="2014-11-20T20:39:24Z" finished-at="2014-11-20T20:39:24Z">
          <reporter-output>
          </reporter-output>
        </test-method> <!-- removeDuplicatesTest -->
      </class> <!-- com.bayamp.cart.functional.FunctionalTests -->
    </test> <!-- Default test -->
  </suite> <!-- Default suite -->
</testng-results>
